0 info it worked if it ends with ok
1 verbose cli [ 'node', '/usr/local/bin/npm', 'start' ]
2 info using npm@4.0.5
3 info using node@v0.12.5
4 verbose node symlink /usr/local/bin/node
5 verbose stack Error: missing script: start
5 verbose stack     at run (/usr/local/lib/node_modules/npm/lib/run-script.js:151:19)
5 verbose stack     at /usr/local/lib/node_modules/npm/lib/run-script.js:61:5
5 verbose stack     at /usr/local/lib/node_modules/npm/node_modules/read-package-json/read-json.js:356:5
5 verbose stack     at checkBinReferences_ (/usr/local/lib/node_modules/npm/node_modules/read-package-json/read-json.js:320:45)
5 verbose stack     at final (/usr/local/lib/node_modules/npm/node_modules/read-package-json/read-json.js:354:3)
5 verbose stack     at then (/usr/local/lib/node_modules/npm/node_modules/read-package-json/read-json.js:124:5)
5 verbose stack     at /usr/local/lib/node_modules/npm/node_modules/read-package-json/read-json.js:295:20
5 verbose stack     at /usr/local/lib/node_modules/npm/node_modules/graceful-fs/graceful-fs.js:78:16
5 verbose stack     at fs.js:263:20
5 verbose stack     at /usr/local/lib/node_modules/npm/node_modules/graceful-fs/graceful-fs.js:241:16
6 verbose cwd /Users/jimmyfigueroa/Sites/nodejs/myapp
7 error Darwin 16.0.0
8 error argv "node" "/usr/local/bin/npm" "start"
9 error node v0.12.5
10 error npm  v4.0.5
11 error missing script: start
12 error If you need help, you may report this error at:
12 error     <https://github.com/npm/npm/issues>
13 verbose exit [ 1, true ]
