0 info it worked if it ends with ok
1 verbose cli [ 'node',
1 verbose cli   '/usr/local/bin/npm',
1 verbose cli   'install',
1 verbose cli   'endpoint1',
1 verbose cli   'endpoint2',
1 verbose cli   'node_modules' ]
2 info using npm@4.0.5
3 info using node@v0.12.5
4 verbose node symlink /usr/local/bin/node
5 silly loadCurrentTree Starting
6 silly install loadCurrentTree
7 silly install readLocalPackageData
8 silly fetchPackageMetaData endpoint1
9 silly fetchPackageMetaData endpoint2
10 silly fetchPackageMetaData node_modules
11 silly fetchDirectoryPackageData endpoint1
12 silly fetchDirectoryPackageData endpoint2
13 silly fetchOtherPackageData node_modules
14 silly cache add args [ 'node_modules', null ]
15 verbose cache add spec node_modules
16 silly cache add parsed spec { raw: 'node_modules',
16 silly cache add   scope: null,
16 silly cache add   escapedName: null,
16 silly cache add   name: null,
16 silly cache add   rawSpec: 'node_modules',
16 silly cache add   spec: '/Users/jimmyfigueroa/Sites/jboss-development/camel-pubsub/2_endpoints/node_modules',
16 silly cache add   type: 'local' }
17 error addLocal Could not install /Users/jimmyfigueroa/Sites/jboss-development/camel-pubsub/2_endpoints/node_modules
18 silly fetchPackageMetaData Error: EISDIR, read
18 silly fetchPackageMetaData     at Error (native)
18 silly fetchPackageMetaData  error for node_modules { [Error: EISDIR, read] errno: -21, code: 'EISDIR' }
19 silly rollbackFailedOptional Starting
20 silly rollbackFailedOptional Finishing
21 silly runTopLevelLifecycles Finishing
22 silly install printInstalled
23 verbose stack Error: EISDIR, read
23 verbose stack     at Error (native)
24 verbose cwd /Users/jimmyfigueroa/Sites/jboss-development/camel-pubsub/2_endpoints
25 error Darwin 16.0.0
26 error argv "node" "/usr/local/bin/npm" "install" "endpoint1" "endpoint2" "node_modules"
27 error node v0.12.5
28 error npm  v4.0.5
29 error code EISDIR
30 error errno -21
31 error eisdir EISDIR, read
32 error eisdir This is most likely not a problem with npm itself
32 error eisdir and is related to npm not being able to find a package.json in
32 error eisdir a package you are trying to install.
33 verbose exit [ -21, true ]
